{"/Users/JonahC/HR/SEI/Senior/Charon-FE-Capstone/client/src/components/App.jsx": {"path":"/Users/JonahC/HR/SEI/Senior/Charon-FE-Capstone/client/src/components/App.jsx","statementMap":{"0":{"start":{"line":12,"column":4},"end":{"line":12,"column":17}},"1":{"start":{"line":13,"column":4},"end":{"line":17,"column":6}},"2":{"start":{"line":18,"column":4},"end":{"line":18,"column":57}},"3":{"start":{"line":22,"column":4},"end":{"line":22,"column":26}},"4":{"start":{"line":25,"column":19},"end":{"line":38,"column":3}},"5":{"start":{"line":26,"column":4},"end":{"line":37,"column":9}},"6":{"start":{"line":29,"column":8},"end":{"line":33,"column":11}},"7":{"start":{"line":36,"column":8},"end":{"line":36,"column":25}},"8":{"start":{"line":41,"column":4},"end":{"line":61,"column":6}}},"fnMap":{"0":{"name":"(anonymous_0)","decl":{"start":{"line":11,"column":2},"end":{"line":11,"column":3}},"loc":{"start":{"line":11,"column":21},"end":{"line":19,"column":3}},"line":11},"1":{"name":"(anonymous_1)","decl":{"start":{"line":21,"column":2},"end":{"line":21,"column":3}},"loc":{"start":{"line":21,"column":22},"end":{"line":23,"column":3}},"line":21},"2":{"name":"(anonymous_2)","decl":{"start":{"line":25,"column":19},"end":{"line":25,"column":20}},"loc":{"start":{"line":25,"column":25},"end":{"line":38,"column":3}},"line":25},"3":{"name":"(anonymous_3)","decl":{"start":{"line":28,"column":12},"end":{"line":28,"column":13}},"loc":{"start":{"line":28,"column":29},"end":{"line":34,"column":7}},"line":28},"4":{"name":"(anonymous_4)","decl":{"start":{"line":35,"column":13},"end":{"line":35,"column":14}},"loc":{"start":{"line":35,"column":22},"end":{"line":37,"column":7}},"line":35},"5":{"name":"(anonymous_5)","decl":{"start":{"line":40,"column":2},"end":{"line":40,"column":3}},"loc":{"start":{"line":40,"column":11},"end":{"line":62,"column":3}},"line":40}},"branchMap":{},"s":{"0":1,"1":1,"2":1,"3":1,"4":1,"5":1,"6":0,"7":1,"8":1},"f":{"0":1,"1":1,"2":1,"3":0,"4":1,"5":1},"b":{},"_coverageSchema":"1a1c01bbd47fc00a2c39e90264f33305004495a9","hash":"294380345073fc8cd0522b1db9adfcc795c3a82a"}
,"/Users/JonahC/HR/SEI/Senior/Charon-FE-Capstone/client/src/components/Questions&Answers/AddAnswer.jsx": {"path":"/Users/JonahC/HR/SEI/Senior/Charon-FE-Capstone/client/src/components/Questions&Answers/AddAnswer.jsx","statementMap":{"0":{"start":{"line":8,"column":4},"end":{"line":8,"column":17}},"1":{"start":{"line":9,"column":4},"end":{"line":16,"column":5}},"2":{"start":{"line":17,"column":4},"end":{"line":17,"column":58}},"3":{"start":{"line":18,"column":4},"end":{"line":18,"column":60}},"4":{"start":{"line":19,"column":4},"end":{"line":19,"column":60}},"5":{"start":{"line":20,"column":4},"end":{"line":20,"column":66}},"6":{"start":{"line":21,"column":4},"end":{"line":21,"column":62}},"7":{"start":{"line":22,"column":4},"end":{"line":22,"column":56}},"8":{"start":{"line":23,"column":4},"end":{"line":23,"column":58}},"9":{"start":{"line":24,"column":4},"end":{"line":24,"column":62}},"10":{"start":{"line":25,"column":4},"end":{"line":25,"column":52}},"11":{"start":{"line":29,"column":4},"end":{"line":29,"column":34}},"12":{"start":{"line":32,"column":4},"end":{"line":32,"column":35}},"13":{"start":{"line":33,"column":4},"end":{"line":33,"column":31}},"14":{"start":{"line":36,"column":4},"end":{"line":36,"column":32}},"15":{"start":{"line":39,"column":4},"end":{"line":39,"column":33}},"16":{"start":{"line":42,"column":4},"end":{"line":42,"column":46}},"17":{"start":{"line":45,"column":4},"end":{"line":45,"column":47}},"18":{"start":{"line":48,"column":4},"end":{"line":48,"column":49}},"19":{"start":{"line":51,"column":16},"end":{"line":51,"column":33}},"20":{"start":{"line":52,"column":4},"end":{"line":52,"column":58}},"21":{"start":{"line":53,"column":4},"end":{"line":53,"column":34}},"22":{"start":{"line":56,"column":15},"end":{"line":61,"column":5}},"23":{"start":{"line":62,"column":4},"end":{"line":62,"column":21}},"24":{"start":{"line":63,"column":4},"end":{"line":66,"column":8}},"25":{"start":{"line":65,"column":8},"end":{"line":65,"column":24}},"26":{"start":{"line":70,"column":4},"end":{"line":88,"column":5}}},"fnMap":{"0":{"name":"(anonymous_0)","decl":{"start":{"line":7,"column":2},"end":{"line":7,"column":3}},"loc":{"start":{"line":7,"column":20},"end":{"line":26,"column":3}},"line":7},"1":{"name":"(anonymous_1)","decl":{"start":{"line":28,"column":2},"end":{"line":28,"column":3}},"loc":{"start":{"line":28,"column":20},"end":{"line":30,"column":3}},"line":28},"2":{"name":"(anonymous_2)","decl":{"start":{"line":31,"column":2},"end":{"line":31,"column":3}},"loc":{"start":{"line":31,"column":21},"end":{"line":34,"column":3}},"line":31},"3":{"name":"(anonymous_3)","decl":{"start":{"line":35,"column":2},"end":{"line":35,"column":3}},"loc":{"start":{"line":35,"column":19},"end":{"line":37,"column":3}},"line":35},"4":{"name":"(anonymous_4)","decl":{"start":{"line":38,"column":2},"end":{"line":38,"column":3}},"loc":{"start":{"line":38,"column":20},"end":{"line":40,"column":3}},"line":38},"5":{"name":"(anonymous_5)","decl":{"start":{"line":41,"column":2},"end":{"line":41,"column":3}},"loc":{"start":{"line":41,"column":26},"end":{"line":43,"column":3}},"line":41},"6":{"name":"(anonymous_6)","decl":{"start":{"line":44,"column":2},"end":{"line":44,"column":3}},"loc":{"start":{"line":44,"column":27},"end":{"line":46,"column":3}},"line":44},"7":{"name":"(anonymous_7)","decl":{"start":{"line":47,"column":2},"end":{"line":47,"column":3}},"loc":{"start":{"line":47,"column":29},"end":{"line":49,"column":3}},"line":47},"8":{"name":"(anonymous_8)","decl":{"start":{"line":50,"column":2},"end":{"line":50,"column":3}},"loc":{"start":{"line":50,"column":27},"end":{"line":54,"column":3}},"line":50},"9":{"name":"(anonymous_9)","decl":{"start":{"line":55,"column":2},"end":{"line":55,"column":3}},"loc":{"start":{"line":55,"column":17},"end":{"line":67,"column":3}},"line":55},"10":{"name":"(anonymous_10)","decl":{"start":{"line":64,"column":13},"end":{"line":64,"column":14}},"loc":{"start":{"line":64,"column":20},"end":{"line":66,"column":7}},"line":64},"11":{"name":"(anonymous_11)","decl":{"start":{"line":69,"column":2},"end":{"line":69,"column":3}},"loc":{"start":{"line":69,"column":10},"end":{"line":89,"column":3}},"line":69}},"branchMap":{"0":{"loc":{"start":{"line":71,"column":6},"end":{"line":87,"column":91}},"type":"cond-expr","locations":[{"start":{"line":72,"column":6},"end":{"line":86,"column":8}},{"start":{"line":87,"column":8},"end":{"line":87,"column":91}}],"line":71}},"s":{"0":0,"1":0,"2":0,"3":0,"4":0,"5":0,"6":0,"7":0,"8":0,"9":0,"10":0,"11":0,"12":0,"13":0,"14":0,"15":0,"16":0,"17":0,"18":0,"19":0,"20":0,"21":0,"22":0,"23":0,"24":0,"25":0,"26":0},"f":{"0":0,"1":0,"2":0,"3":0,"4":0,"5":0,"6":0,"7":0,"8":0,"9":0,"10":0,"11":0},"b":{"0":[0,0]},"_coverageSchema":"1a1c01bbd47fc00a2c39e90264f33305004495a9","hash":"81602978f0a6f8a74ad68e6b51804a0dd783efb2"}
,"/Users/JonahC/HR/SEI/Senior/Charon-FE-Capstone/client/src/components/Questions&Answers/AddQuestion.jsx": {"path":"/Users/JonahC/HR/SEI/Senior/Charon-FE-Capstone/client/src/components/Questions&Answers/AddQuestion.jsx","statementMap":{"0":{"start":{"line":7,"column":4},"end":{"line":7,"column":17}},"1":{"start":{"line":8,"column":4},"end":{"line":13,"column":5}},"2":{"start":{"line":14,"column":4},"end":{"line":14,"column":45}},"3":{"start":{"line":15,"column":4},"end":{"line":15,"column":48}},"4":{"start":{"line":16,"column":4},"end":{"line":16,"column":60}},"5":{"start":{"line":17,"column":4},"end":{"line":17,"column":66}},"6":{"start":{"line":18,"column":4},"end":{"line":18,"column":66}},"7":{"start":{"line":19,"column":4},"end":{"line":19,"column":52}},"8":{"start":{"line":20,"column":4},"end":{"line":20,"column":58}},"9":{"start":{"line":24,"column":4},"end":{"line":24,"column":34}},"10":{"start":{"line":27,"column":4},"end":{"line":27,"column":35}},"11":{"start":{"line":30,"column":4},"end":{"line":30,"column":46}},"12":{"start":{"line":33,"column":4},"end":{"line":33,"column":49}},"13":{"start":{"line":36,"column":4},"end":{"line":36,"column":49}},"14":{"start":{"line":39,"column":21},"end":{"line":39,"column":91}},"15":{"start":{"line":40,"column":4},"end":{"line":44,"column":5}},"16":{"start":{"line":41,"column":6},"end":{"line":41,"column":17}},"17":{"start":{"line":43,"column":6},"end":{"line":43,"column":18}},"18":{"start":{"line":48,"column":16},"end":{"line":48,"column":54}},"19":{"start":{"line":49,"column":4},"end":{"line":66,"column":5}},"20":{"start":{"line":50,"column":6},"end":{"line":63,"column":7}},"21":{"start":{"line":51,"column":19},"end":{"line":56,"column":9}},"22":{"start":{"line":57,"column":8},"end":{"line":60,"column":12}},"23":{"start":{"line":59,"column":12},"end":{"line":59,"column":40}},"24":{"start":{"line":62,"column":10},"end":{"line":62,"column":43}},"25":{"start":{"line":65,"column":6},"end":{"line":65,"column":38}},"26":{"start":{"line":70,"column":4},"end":{"line":80,"column":5}}},"fnMap":{"0":{"name":"(anonymous_0)","decl":{"start":{"line":6,"column":2},"end":{"line":6,"column":3}},"loc":{"start":{"line":6,"column":20},"end":{"line":21,"column":3}},"line":6},"1":{"name":"(anonymous_1)","decl":{"start":{"line":23,"column":2},"end":{"line":23,"column":3}},"loc":{"start":{"line":23,"column":18},"end":{"line":25,"column":3}},"line":23},"2":{"name":"(anonymous_2)","decl":{"start":{"line":26,"column":2},"end":{"line":26,"column":3}},"loc":{"start":{"line":26,"column":19},"end":{"line":28,"column":3}},"line":26},"3":{"name":"(anonymous_3)","decl":{"start":{"line":29,"column":2},"end":{"line":29,"column":3}},"loc":{"start":{"line":29,"column":26},"end":{"line":31,"column":3}},"line":29},"4":{"name":"(anonymous_4)","decl":{"start":{"line":32,"column":2},"end":{"line":32,"column":3}},"loc":{"start":{"line":32,"column":29},"end":{"line":34,"column":3}},"line":32},"5":{"name":"(anonymous_5)","decl":{"start":{"line":35,"column":2},"end":{"line":35,"column":3}},"loc":{"start":{"line":35,"column":29},"end":{"line":37,"column":3}},"line":35},"6":{"name":"(anonymous_6)","decl":{"start":{"line":38,"column":2},"end":{"line":38,"column":3}},"loc":{"start":{"line":38,"column":25},"end":{"line":45,"column":3}},"line":38},"7":{"name":"(anonymous_7)","decl":{"start":{"line":47,"column":2},"end":{"line":47,"column":3}},"loc":{"start":{"line":47,"column":17},"end":{"line":67,"column":3}},"line":47},"8":{"name":"(anonymous_8)","decl":{"start":{"line":58,"column":16},"end":{"line":58,"column":17}},"loc":{"start":{"line":58,"column":27},"end":{"line":60,"column":11}},"line":58},"9":{"name":"(anonymous_9)","decl":{"start":{"line":69,"column":2},"end":{"line":69,"column":3}},"loc":{"start":{"line":69,"column":11},"end":{"line":81,"column":3}},"line":69}},"branchMap":{"0":{"loc":{"start":{"line":40,"column":4},"end":{"line":44,"column":5}},"type":"if","locations":[{"start":{"line":40,"column":4},"end":{"line":44,"column":5}},{"start":{"line":40,"column":4},"end":{"line":44,"column":5}}],"line":40},"1":{"loc":{"start":{"line":49,"column":4},"end":{"line":66,"column":5}},"type":"if","locations":[{"start":{"line":49,"column":4},"end":{"line":66,"column":5}},{"start":{"line":49,"column":4},"end":{"line":66,"column":5}}],"line":49},"2":{"loc":{"start":{"line":49,"column":8},"end":{"line":49,"column":87}},"type":"binary-expr","locations":[{"start":{"line":49,"column":8},"end":{"line":49,"column":34}},{"start":{"line":49,"column":38},"end":{"line":49,"column":60}},{"start":{"line":49,"column":64},"end":{"line":49,"column":87}}],"line":49},"3":{"loc":{"start":{"line":50,"column":6},"end":{"line":63,"column":7}},"type":"if","locations":[{"start":{"line":50,"column":6},"end":{"line":63,"column":7}},{"start":{"line":50,"column":6},"end":{"line":63,"column":7}}],"line":50},"4":{"loc":{"start":{"line":71,"column":6},"end":{"line":79,"column":100}},"type":"cond-expr","locations":[{"start":{"line":71,"column":36},"end":{"line":79,"column":10}},{"start":{"line":79,"column":13},"end":{"line":79,"column":100}}],"line":71}},"s":{"0":0,"1":0,"2":0,"3":0,"4":0,"5":0,"6":0,"7":0,"8":0,"9":0,"10":0,"11":0,"12":0,"13":0,"14":0,"15":0,"16":0,"17":0,"18":0,"19":0,"20":0,"21":0,"22":0,"23":0,"24":0,"25":0,"26":0},"f":{"0":0,"1":0,"2":0,"3":0,"4":0,"5":0,"6":0,"7":0,"8":0,"9":0},"b":{"0":[0,0],"1":[0,0],"2":[0,0,0],"3":[0,0],"4":[0,0]},"_coverageSchema":"1a1c01bbd47fc00a2c39e90264f33305004495a9","hash":"966933509c507807a3995484c9f2787e5c3c6566"}
,"/Users/JonahC/HR/SEI/Senior/Charon-FE-Capstone/client/src/components/Questions&Answers/Answer.jsx": {"path":"/Users/JonahC/HR/SEI/Senior/Charon-FE-Capstone/client/src/components/Questions&Answers/Answer.jsx","statementMap":{"0":{"start":{"line":4,"column":15},"end":{"line":23,"column":1}},"1":{"start":{"line":5,"column":2},"end":{"line":22,"column":3}},"2":{"start":{"line":6,"column":85},"end":{"line":6,"column":103}},"3":{"start":{"line":12,"column":62},"end":{"line":12,"column":107}},"4":{"start":{"line":16,"column":55},"end":{"line":16,"column":99}}},"fnMap":{"0":{"name":"(anonymous_0)","decl":{"start":{"line":4,"column":15},"end":{"line":4,"column":16}},"loc":{"start":{"line":4,"column":26},"end":{"line":23,"column":1}},"line":4},"1":{"name":"(anonymous_1)","decl":{"start":{"line":6,"column":76},"end":{"line":6,"column":77}},"loc":{"start":{"line":6,"column":85},"end":{"line":6,"column":103}},"line":6},"2":{"name":"(anonymous_2)","decl":{"start":{"line":12,"column":51},"end":{"line":12,"column":52}},"loc":{"start":{"line":12,"column":62},"end":{"line":12,"column":107}},"line":12},"3":{"name":"(anonymous_3)","decl":{"start":{"line":16,"column":44},"end":{"line":16,"column":45}},"loc":{"start":{"line":16,"column":55},"end":{"line":16,"column":99}},"line":16}},"branchMap":{"0":{"loc":{"start":{"line":11,"column":5},"end":{"line":12,"column":170}},"type":"cond-expr","locations":[{"start":{"line":12,"column":4},"end":{"line":12,"column":119}},{"start":{"line":12,"column":122},"end":{"line":12,"column":170}}],"line":11},"1":{"loc":{"start":{"line":15,"column":5},"end":{"line":18,"column":50}},"type":"cond-expr","locations":[{"start":{"line":16,"column":4},"end":{"line":16,"column":114}},{"start":{"line":18,"column":4},"end":{"line":18,"column":50}}],"line":15}},"s":{"0":1,"1":0,"2":0,"3":0,"4":0},"f":{"0":0,"1":0,"2":0,"3":0},"b":{"0":[0,0],"1":[0,0]},"_coverageSchema":"1a1c01bbd47fc00a2c39e90264f33305004495a9","hash":"d548eaccca340ebf75c06bd655e1e681c7bb33dd"}
,"/Users/JonahC/HR/SEI/Senior/Charon-FE-Capstone/client/src/components/Questions&Answers/AnswerModal.jsx": {"path":"/Users/JonahC/HR/SEI/Senior/Charon-FE-Capstone/client/src/components/Questions&Answers/AnswerModal.jsx","statementMap":{"0":{"start":{"line":4,"column":20},"end":{"line":29,"column":1}},"1":{"start":{"line":5,"column":2},"end":{"line":28,"column":3}},"2":{"start":{"line":22,"column":138},"end":{"line":22,"column":178}}},"fnMap":{"0":{"name":"(anonymous_0)","decl":{"start":{"line":4,"column":20},"end":{"line":4,"column":21}},"loc":{"start":{"line":4,"column":31},"end":{"line":29,"column":1}},"line":4},"1":{"name":"(anonymous_1)","decl":{"start":{"line":22,"column":129},"end":{"line":22,"column":130}},"loc":{"start":{"line":22,"column":138},"end":{"line":22,"column":178}},"line":22}},"branchMap":{"0":{"loc":{"start":{"line":22,"column":9},"end":{"line":22,"column":179}},"type":"cond-expr","locations":[{"start":{"line":22,"column":35},"end":{"line":22,"column":109}},{"start":{"line":22,"column":112},"end":{"line":22,"column":179}}],"line":22}},"s":{"0":1,"1":0,"2":0},"f":{"0":0,"1":0},"b":{"0":[0,0]},"_coverageSchema":"1a1c01bbd47fc00a2c39e90264f33305004495a9","hash":"d02381566f16990eabe09d3107777107ea0016a3"}
,"/Users/JonahC/HR/SEI/Senior/Charon-FE-Capstone/client/src/components/Questions&Answers/AnswersList.jsx": {"path":"/Users/JonahC/HR/SEI/Senior/Charon-FE-Capstone/client/src/components/Questions&Answers/AnswersList.jsx","statementMap":{"0":{"start":{"line":7,"column":4},"end":{"line":7,"column":16}},"1":{"start":{"line":8,"column":4},"end":{"line":11,"column":5}},"2":{"start":{"line":12,"column":4},"end":{"line":12,"column":64}},"3":{"start":{"line":14,"column":4},"end":{"line":14,"column":54}},"4":{"start":{"line":15,"column":4},"end":{"line":15,"column":62}},"5":{"start":{"line":16,"column":4},"end":{"line":16,"column":58}},"6":{"start":{"line":21,"column":4},"end":{"line":21,"column":24}},"7":{"start":{"line":24,"column":19},"end":{"line":24,"column":21}},"8":{"start":{"line":25,"column":14},"end":{"line":25,"column":16}},"9":{"start":{"line":26,"column":4},"end":{"line":32,"column":5}},"10":{"start":{"line":27,"column":6},"end":{"line":31,"column":7}},"11":{"start":{"line":28,"column":8},"end":{"line":28,"column":47}},"12":{"start":{"line":30,"column":8},"end":{"line":30,"column":41}},"13":{"start":{"line":33,"column":4},"end":{"line":33,"column":70}},"14":{"start":{"line":33,"column":29},"end":{"line":33,"column":69}},"15":{"start":{"line":34,"column":4},"end":{"line":34,"column":64}},"16":{"start":{"line":34,"column":23},"end":{"line":34,"column":63}},"17":{"start":{"line":37,"column":16},"end":{"line":37,"column":37}},"18":{"start":{"line":38,"column":4},"end":{"line":38,"column":35}},"19":{"start":{"line":44,"column":4},"end":{"line":44,"column":49}},"20":{"start":{"line":45,"column":4},"end":{"line":45,"column":25}},"21":{"start":{"line":47,"column":4},"end":{"line":47,"column":36}},"22":{"start":{"line":48,"column":4},"end":{"line":48,"column":48}},"23":{"start":{"line":52,"column":4},"end":{"line":52,"column":48}},"24":{"start":{"line":53,"column":4},"end":{"line":53,"column":31}},"25":{"start":{"line":54,"column":4},"end":{"line":54,"column":48}},"26":{"start":{"line":57,"column":4},"end":{"line":61,"column":5}},"27":{"start":{"line":58,"column":6},"end":{"line":58,"column":33}},"28":{"start":{"line":60,"column":6},"end":{"line":60,"column":56}},"29":{"start":{"line":67,"column":4},"end":{"line":91,"column":5}},"30":{"start":{"line":69,"column":4},"end":{"line":86,"column":5}},"31":{"start":{"line":73,"column":8},"end":{"line":78,"column":10}},"32":{"start":{"line":88,"column":6},"end":{"line":90,"column":7}}},"fnMap":{"0":{"name":"(anonymous_0)","decl":{"start":{"line":6,"column":2},"end":{"line":6,"column":3}},"loc":{"start":{"line":6,"column":20},"end":{"line":17,"column":3}},"line":6},"1":{"name":"(anonymous_1)","decl":{"start":{"line":20,"column":2},"end":{"line":20,"column":3}},"loc":{"start":{"line":20,"column":22},"end":{"line":22,"column":3}},"line":20},"2":{"name":"(anonymous_2)","decl":{"start":{"line":23,"column":2},"end":{"line":23,"column":3}},"loc":{"start":{"line":23,"column":18},"end":{"line":39,"column":3}},"line":23},"3":{"name":"(anonymous_3)","decl":{"start":{"line":33,"column":19},"end":{"line":33,"column":20}},"loc":{"start":{"line":33,"column":29},"end":{"line":33,"column":69}},"line":33},"4":{"name":"(anonymous_4)","decl":{"start":{"line":34,"column":13},"end":{"line":34,"column":14}},"loc":{"start":{"line":34,"column":23},"end":{"line":34,"column":63}},"line":34},"5":{"name":"(anonymous_5)","decl":{"start":{"line":41,"column":2},"end":{"line":41,"column":3}},"loc":{"start":{"line":41,"column":36},"end":{"line":49,"column":3}},"line":41},"6":{"name":"(anonymous_6)","decl":{"start":{"line":51,"column":2},"end":{"line":51,"column":3}},"loc":{"start":{"line":51,"column":35},"end":{"line":55,"column":3}},"line":51},"7":{"name":"(anonymous_7)","decl":{"start":{"line":56,"column":2},"end":{"line":56,"column":3}},"loc":{"start":{"line":56,"column":20},"end":{"line":62,"column":3}},"line":56},"8":{"name":"(anonymous_8)","decl":{"start":{"line":66,"column":2},"end":{"line":66,"column":3}},"loc":{"start":{"line":66,"column":12},"end":{"line":92,"column":3}},"line":66},"9":{"name":"(anonymous_9)","decl":{"start":{"line":72,"column":58},"end":{"line":72,"column":59}},"loc":{"start":{"line":73,"column":8},"end":{"line":78,"column":10}},"line":73}},"branchMap":{"0":{"loc":{"start":{"line":27,"column":6},"end":{"line":31,"column":7}},"type":"if","locations":[{"start":{"line":27,"column":6},"end":{"line":31,"column":7}},{"start":{"line":27,"column":6},"end":{"line":31,"column":7}}],"line":27},"1":{"loc":{"start":{"line":27,"column":10},"end":{"line":27,"column":114}},"type":"binary-expr","locations":[{"start":{"line":27,"column":10},"end":{"line":27,"column":60}},{"start":{"line":27,"column":64},"end":{"line":27,"column":114}}],"line":27},"2":{"loc":{"start":{"line":33,"column":29},"end":{"line":33,"column":69}},"type":"cond-expr","locations":[{"start":{"line":33,"column":63},"end":{"line":33,"column":64}},{"start":{"line":33,"column":67},"end":{"line":33,"column":69}}],"line":33},"3":{"loc":{"start":{"line":34,"column":23},"end":{"line":34,"column":63}},"type":"cond-expr","locations":[{"start":{"line":34,"column":57},"end":{"line":34,"column":58}},{"start":{"line":34,"column":61},"end":{"line":34,"column":63}}],"line":34},"4":{"loc":{"start":{"line":57,"column":4},"end":{"line":61,"column":5}},"type":"if","locations":[{"start":{"line":57,"column":4},"end":{"line":61,"column":5}},{"start":{"line":57,"column":4},"end":{"line":61,"column":5}}],"line":57},"5":{"loc":{"start":{"line":67,"column":4},"end":{"line":91,"column":5}},"type":"if","locations":[{"start":{"line":67,"column":4},"end":{"line":91,"column":5}},{"start":{"line":67,"column":4},"end":{"line":91,"column":5}}],"line":67},"6":{"loc":{"start":{"line":81,"column":9},"end":{"line":82,"column":189}},"type":"cond-expr","locations":[{"start":{"line":82,"column":10},"end":{"line":82,"column":98}},{"start":{"line":82,"column":101},"end":{"line":82,"column":189}}],"line":81}},"s":{"0":0,"1":0,"2":0,"3":0,"4":0,"5":0,"6":0,"7":0,"8":0,"9":0,"10":0,"11":0,"12":0,"13":0,"14":0,"15":0,"16":0,"17":0,"18":0,"19":0,"20":0,"21":0,"22":0,"23":0,"24":0,"25":0,"26":0,"27":0,"28":0,"29":0,"30":0,"31":0,"32":0},"f":{"0":0,"1":0,"2":0,"3":0,"4":0,"5":0,"6":0,"7":0,"8":0,"9":0},"b":{"0":[0,0],"1":[0,0],"2":[0,0],"3":[0,0],"4":[0,0],"5":[0,0],"6":[0,0]},"_coverageSchema":"1a1c01bbd47fc00a2c39e90264f33305004495a9","hash":"1317f8b80c219cd89565b8abdd0e51c5fcedeaf9"}
,"/Users/JonahC/HR/SEI/Senior/Charon-FE-Capstone/client/src/components/Questions&Answers/Photo.jsx": {"path":"/Users/JonahC/HR/SEI/Senior/Charon-FE-Capstone/client/src/components/Questions&Answers/Photo.jsx","statementMap":{"0":{"start":{"line":6,"column":4},"end":{"line":6,"column":16}},"1":{"start":{"line":10,"column":4},"end":{"line":18,"column":5}},"2":{"start":{"line":15,"column":10},"end":{"line":15,"column":50}}},"fnMap":{"0":{"name":"(anonymous_0)","decl":{"start":{"line":5,"column":2},"end":{"line":5,"column":3}},"loc":{"start":{"line":5,"column":21},"end":{"line":7,"column":3}},"line":5},"1":{"name":"(anonymous_1)","decl":{"start":{"line":9,"column":2},"end":{"line":9,"column":3}},"loc":{"start":{"line":9,"column":10},"end":{"line":19,"column":3}},"line":9},"2":{"name":"(anonymous_2)","decl":{"start":{"line":14,"column":31},"end":{"line":14,"column":32}},"loc":{"start":{"line":15,"column":10},"end":{"line":15,"column":50}},"line":15}},"branchMap":{},"s":{"0":0,"1":0,"2":0},"f":{"0":0,"1":0,"2":0},"b":{},"_coverageSchema":"1a1c01bbd47fc00a2c39e90264f33305004495a9","hash":"dc11de375a8b80a00414b67cd1ce265f5039ea55"}
,"/Users/JonahC/HR/SEI/Senior/Charon-FE-Capstone/client/src/components/Questions&Answers/Question.jsx": {"path":"/Users/JonahC/HR/SEI/Senior/Charon-FE-Capstone/client/src/components/Questions&Answers/Question.jsx","statementMap":{"0":{"start":{"line":5,"column":17},"end":{"line":27,"column":1}},"1":{"start":{"line":6,"column":2},"end":{"line":26,"column":3}},"2":{"start":{"line":11,"column":57},"end":{"line":11,"column":106}}},"fnMap":{"0":{"name":"(anonymous_0)","decl":{"start":{"line":5,"column":17},"end":{"line":5,"column":18}},"loc":{"start":{"line":5,"column":28},"end":{"line":27,"column":1}},"line":5},"1":{"name":"(anonymous_1)","decl":{"start":{"line":11,"column":46},"end":{"line":11,"column":47}},"loc":{"start":{"line":11,"column":57},"end":{"line":11,"column":106}},"line":11}},"branchMap":{"0":{"loc":{"start":{"line":10,"column":7},"end":{"line":14,"column":55}},"type":"cond-expr","locations":[{"start":{"line":11,"column":6},"end":{"line":13,"column":13}},{"start":{"line":14,"column":6},"end":{"line":14,"column":55}}],"line":10}},"s":{"0":1,"1":0,"2":0},"f":{"0":0,"1":0},"b":{"0":[0,0]},"_coverageSchema":"1a1c01bbd47fc00a2c39e90264f33305004495a9","hash":"ede57e3969c1185a3e2aaeb0e7107d0e4c58a452"}
,"/Users/JonahC/HR/SEI/Senior/Charon-FE-Capstone/client/src/components/Questions&Answers/QuestionModal.jsx": {"path":"/Users/JonahC/HR/SEI/Senior/Charon-FE-Capstone/client/src/components/Questions&Answers/QuestionModal.jsx","statementMap":{"0":{"start":{"line":4,"column":22},"end":{"line":24,"column":1}},"1":{"start":{"line":5,"column":2},"end":{"line":23,"column":3}}},"fnMap":{"0":{"name":"(anonymous_0)","decl":{"start":{"line":4,"column":22},"end":{"line":4,"column":23}},"loc":{"start":{"line":4,"column":33},"end":{"line":24,"column":1}},"line":4}},"branchMap":{},"s":{"0":1,"1":0},"f":{"0":0},"b":{},"_coverageSchema":"1a1c01bbd47fc00a2c39e90264f33305004495a9","hash":"f8bd7a670db64854dd8f3de71c6aad9953df1d98"}
,"/Users/JonahC/HR/SEI/Senior/Charon-FE-Capstone/client/src/components/Questions&Answers/QuestionsList.jsx": {"path":"/Users/JonahC/HR/SEI/Senior/Charon-FE-Capstone/client/src/components/Questions&Answers/QuestionsList.jsx","statementMap":{"0":{"start":{"line":8,"column":4},"end":{"line":8,"column":16}},"1":{"start":{"line":9,"column":4},"end":{"line":14,"column":5}},"2":{"start":{"line":15,"column":4},"end":{"line":15,"column":58}},"3":{"start":{"line":16,"column":4},"end":{"line":16,"column":68}},"4":{"start":{"line":17,"column":4},"end":{"line":17,"column":62}},"5":{"start":{"line":18,"column":4},"end":{"line":18,"column":58}},"6":{"start":{"line":23,"column":4},"end":{"line":23,"column":26}},"7":{"start":{"line":27,"column":4},"end":{"line":29,"column":5}},"8":{"start":{"line":28,"column":6},"end":{"line":28,"column":28}},"9":{"start":{"line":33,"column":21},"end":{"line":33,"column":46}},"10":{"start":{"line":34,"column":4},"end":{"line":34,"column":27}},"11":{"start":{"line":35,"column":4},"end":{"line":40,"column":8}},"12":{"start":{"line":37,"column":8},"end":{"line":37,"column":56}},"13":{"start":{"line":38,"column":8},"end":{"line":38,"column":51}},"14":{"start":{"line":39,"column":8},"end":{"line":39,"column":41}},"15":{"start":{"line":45,"column":4},"end":{"line":45,"column":62}},"16":{"start":{"line":46,"column":4},"end":{"line":46,"column":36}},"17":{"start":{"line":48,"column":4},"end":{"line":48,"column":38}},"18":{"start":{"line":49,"column":4},"end":{"line":49,"column":52}},"19":{"start":{"line":52,"column":4},"end":{"line":56,"column":5}},"20":{"start":{"line":53,"column":6},"end":{"line":53,"column":33}},"21":{"start":{"line":55,"column":6},"end":{"line":55,"column":53}},"22":{"start":{"line":59,"column":4},"end":{"line":67,"column":8}},"23":{"start":{"line":61,"column":8},"end":{"line":66,"column":9}},"24":{"start":{"line":62,"column":25},"end":{"line":62,"column":137}},"25":{"start":{"line":62,"column":60},"end":{"line":62,"column":136}},"26":{"start":{"line":63,"column":10},"end":{"line":63,"column":46}},"27":{"start":{"line":65,"column":10},"end":{"line":65,"column":53}},"28":{"start":{"line":71,"column":4},"end":{"line":88,"column":5}},"29":{"start":{"line":75,"column":8},"end":{"line":81,"column":10}}},"fnMap":{"0":{"name":"(anonymous_0)","decl":{"start":{"line":7,"column":2},"end":{"line":7,"column":3}},"loc":{"start":{"line":7,"column":21},"end":{"line":19,"column":3}},"line":7},"1":{"name":"(anonymous_1)","decl":{"start":{"line":22,"column":2},"end":{"line":22,"column":3}},"loc":{"start":{"line":22,"column":22},"end":{"line":24,"column":3}},"line":22},"2":{"name":"(anonymous_2)","decl":{"start":{"line":26,"column":2},"end":{"line":26,"column":3}},"loc":{"start":{"line":26,"column":32},"end":{"line":30,"column":3}},"line":26},"3":{"name":"(anonymous_3)","decl":{"start":{"line":32,"column":2},"end":{"line":32,"column":3}},"loc":{"start":{"line":32,"column":19},"end":{"line":41,"column":3}},"line":32},"4":{"name":"(anonymous_4)","decl":{"start":{"line":36,"column":12},"end":{"line":36,"column":13}},"loc":{"start":{"line":36,"column":23},"end":{"line":40,"column":7}},"line":36},"5":{"name":"(anonymous_5)","decl":{"start":{"line":43,"column":2},"end":{"line":43,"column":3}},"loc":{"start":{"line":43,"column":40},"end":{"line":50,"column":3}},"line":43},"6":{"name":"(anonymous_6)","decl":{"start":{"line":51,"column":2},"end":{"line":51,"column":3}},"loc":{"start":{"line":51,"column":22},"end":{"line":57,"column":3}},"line":51},"7":{"name":"(anonymous_7)","decl":{"start":{"line":58,"column":2},"end":{"line":58,"column":3}},"loc":{"start":{"line":58,"column":25},"end":{"line":68,"column":3}},"line":58},"8":{"name":"(anonymous_8)","decl":{"start":{"line":60,"column":6},"end":{"line":60,"column":7}},"loc":{"start":{"line":60,"column":17},"end":{"line":67,"column":7}},"line":60},"9":{"name":"(anonymous_9)","decl":{"start":{"line":62,"column":48},"end":{"line":62,"column":49}},"loc":{"start":{"line":62,"column":60},"end":{"line":62,"column":136}},"line":62},"10":{"name":"(anonymous_10)","decl":{"start":{"line":70,"column":2},"end":{"line":70,"column":3}},"loc":{"start":{"line":70,"column":11},"end":{"line":89,"column":3}},"line":70},"11":{"name":"(anonymous_11)","decl":{"start":{"line":74,"column":62},"end":{"line":74,"column":63}},"loc":{"start":{"line":75,"column":8},"end":{"line":81,"column":10}},"line":75}},"branchMap":{"0":{"loc":{"start":{"line":27,"column":4},"end":{"line":29,"column":5}},"type":"if","locations":[{"start":{"line":27,"column":4},"end":{"line":29,"column":5}},{"start":{"line":27,"column":4},"end":{"line":29,"column":5}}],"line":27},"1":{"loc":{"start":{"line":52,"column":4},"end":{"line":56,"column":5}},"type":"if","locations":[{"start":{"line":52,"column":4},"end":{"line":56,"column":5}},{"start":{"line":52,"column":4},"end":{"line":56,"column":5}}],"line":52},"2":{"loc":{"start":{"line":61,"column":8},"end":{"line":66,"column":9}},"type":"if","locations":[{"start":{"line":61,"column":8},"end":{"line":66,"column":9}},{"start":{"line":61,"column":8},"end":{"line":66,"column":9}}],"line":61},"3":{"loc":{"start":{"line":83,"column":7},"end":{"line":84,"column":101}},"type":"cond-expr","locations":[{"start":{"line":83,"column":41},"end":{"line":84,"column":92}},{"start":{"line":84,"column":95},"end":{"line":84,"column":101}}],"line":83},"4":{"loc":{"start":{"line":83,"column":41},"end":{"line":84,"column":92}},"type":"cond-expr","locations":[{"start":{"line":83,"column":91},"end":{"line":83,"column":198}},{"start":{"line":84,"column":6},"end":{"line":84,"column":92}}],"line":83}},"s":{"0":0,"1":0,"2":0,"3":0,"4":0,"5":0,"6":0,"7":0,"8":0,"9":0,"10":0,"11":0,"12":0,"13":0,"14":0,"15":0,"16":0,"17":0,"18":0,"19":0,"20":0,"21":0,"22":0,"23":0,"24":0,"25":0,"26":0,"27":0,"28":0,"29":0},"f":{"0":0,"1":0,"2":0,"3":0,"4":0,"5":0,"6":0,"7":0,"8":0,"9":0,"10":0,"11":0},"b":{"0":[0,0],"1":[0,0],"2":[0,0],"3":[0,0],"4":[0,0]},"_coverageSchema":"1a1c01bbd47fc00a2c39e90264f33305004495a9","hash":"f7f1eeb43712cc198395273bf092b00dfd93de2b"}
,"/Users/JonahC/HR/SEI/Senior/Charon-FE-Capstone/client/src/components/common/Navigation.jsx": {"path":"/Users/JonahC/HR/SEI/Senior/Charon-FE-Capstone/client/src/components/common/Navigation.jsx","statementMap":{"0":{"start":{"line":12,"column":4},"end":{"line":12,"column":17}},"1":{"start":{"line":13,"column":4},"end":{"line":13,"column":55}},"2":{"start":{"line":16,"column":18},"end":{"line":24,"column":3}},"3":{"start":{"line":18,"column":4},"end":{"line":23,"column":5}},"4":{"start":{"line":19,"column":6},"end":{"line":19,"column":25}},"5":{"start":{"line":20,"column":6},"end":{"line":20,"column":31}},"6":{"start":{"line":21,"column":6},"end":{"line":21,"column":26}},"7":{"start":{"line":22,"column":6},"end":{"line":22,"column":22}},"8":{"start":{"line":27,"column":4},"end":{"line":66,"column":6}}},"fnMap":{"0":{"name":"(anonymous_0)","decl":{"start":{"line":11,"column":2},"end":{"line":11,"column":3}},"loc":{"start":{"line":11,"column":21},"end":{"line":14,"column":3}},"line":11},"1":{"name":"(anonymous_1)","decl":{"start":{"line":16,"column":18},"end":{"line":16,"column":19}},"loc":{"start":{"line":16,"column":25},"end":{"line":24,"column":3}},"line":16},"2":{"name":"(anonymous_2)","decl":{"start":{"line":26,"column":2},"end":{"line":26,"column":3}},"loc":{"start":{"line":26,"column":11},"end":{"line":67,"column":3}},"line":26}},"branchMap":{"0":{"loc":{"start":{"line":18,"column":4},"end":{"line":23,"column":5}},"type":"if","locations":[{"start":{"line":18,"column":4},"end":{"line":23,"column":5}},{"start":{"line":18,"column":4},"end":{"line":23,"column":5}}],"line":18}},"s":{"0":0,"1":0,"2":0,"3":0,"4":0,"5":0,"6":0,"7":0,"8":0},"f":{"0":0,"1":0,"2":0},"b":{"0":[0,0]},"_coverageSchema":"1a1c01bbd47fc00a2c39e90264f33305004495a9","hash":"43c734b293e197289d728edd206bfeec08f977b8"}
,"/Users/JonahC/HR/SEI/Senior/Charon-FE-Capstone/client/src/components/common/SearchBar.jsx": {"path":"/Users/JonahC/HR/SEI/Senior/Charon-FE-Capstone/client/src/components/common/SearchBar.jsx","statementMap":{"0":{"start":{"line":3,"column":18},"end":{"line":12,"column":1}},"1":{"start":{"line":4,"column":2},"end":{"line":11,"column":4}}},"fnMap":{"0":{"name":"(anonymous_0)","decl":{"start":{"line":3,"column":18},"end":{"line":3,"column":19}},"loc":{"start":{"line":3,"column":29},"end":{"line":12,"column":1}},"line":3}},"branchMap":{},"s":{"0":1,"1":0},"f":{"0":0},"b":{},"_coverageSchema":"1a1c01bbd47fc00a2c39e90264f33305004495a9","hash":"db777a2ac48f806ad6bd51c3ecc286fbe2ac37de"}
,"/Users/JonahC/HR/SEI/Senior/Charon-FE-Capstone/client/src/components/main_component/Overview.jsx": {"path":"/Users/JonahC/HR/SEI/Senior/Charon-FE-Capstone/client/src/components/main_component/Overview.jsx","statementMap":{"0":{"start":{"line":22,"column":4},"end":{"line":22,"column":17}},"1":{"start":{"line":23,"column":4},"end":{"line":40,"column":6}},"2":{"start":{"line":42,"column":4},"end":{"line":42,"column":53}},"3":{"start":{"line":43,"column":4},"end":{"line":43,"column":55}},"4":{"start":{"line":44,"column":4},"end":{"line":44,"column":49}},"5":{"start":{"line":45,"column":4},"end":{"line":45,"column":53}},"6":{"start":{"line":46,"column":4},"end":{"line":46,"column":51}},"7":{"start":{"line":47,"column":4},"end":{"line":47,"column":61}},"8":{"start":{"line":48,"column":4},"end":{"line":48,"column":59}},"9":{"start":{"line":49,"column":4},"end":{"line":49,"column":61}},"10":{"start":{"line":50,"column":4},"end":{"line":50,"column":57}},"11":{"start":{"line":51,"column":4},"end":{"line":51,"column":61}},"12":{"start":{"line":52,"column":4},"end":{"line":52,"column":63}},"13":{"start":{"line":53,"column":4},"end":{"line":53,"column":57}},"14":{"start":{"line":54,"column":4},"end":{"line":54,"column":61}},"15":{"start":{"line":55,"column":4},"end":{"line":55,"column":59}},"16":{"start":{"line":56,"column":4},"end":{"line":56,"column":55}},"17":{"start":{"line":57,"column":4},"end":{"line":57,"column":63}},"18":{"start":{"line":62,"column":4},"end":{"line":65,"column":5}},"19":{"start":{"line":63,"column":6},"end":{"line":63,"column":46}},"20":{"start":{"line":64,"column":6},"end":{"line":64,"column":47}},"21":{"start":{"line":68,"column":18},"end":{"line":90,"column":3}},"22":{"start":{"line":71,"column":23},"end":{"line":74,"column":5}},"23":{"start":{"line":75,"column":4},"end":{"line":81,"column":5}},"24":{"start":{"line":76,"column":6},"end":{"line":80,"column":7}},"25":{"start":{"line":77,"column":8},"end":{"line":79,"column":10}},"26":{"start":{"line":82,"column":4},"end":{"line":89,"column":9}},"27":{"start":{"line":85,"column":8},"end":{"line":85,"column":41}},"28":{"start":{"line":88,"column":8},"end":{"line":88,"column":34}},"29":{"start":{"line":92,"column":17},"end":{"line":114,"column":3}},"30":{"start":{"line":93,"column":4},"end":{"line":113,"column":9}},"31":{"start":{"line":96,"column":8},"end":{"line":99,"column":11}},"32":{"start":{"line":100,"column":8},"end":{"line":107,"column":9}},"33":{"start":{"line":100,"column":21},"end":{"line":100,"column":22}},"34":{"start":{"line":101,"column":10},"end":{"line":106,"column":11}},"35":{"start":{"line":102,"column":12},"end":{"line":105,"column":15}},"36":{"start":{"line":108,"column":27},"end":{"line":108,"column":60}},"37":{"start":{"line":109,"column":8},"end":{"line":109,"column":50}},"38":{"start":{"line":112,"column":8},"end":{"line":112,"column":25}},"39":{"start":{"line":116,"column":18},"end":{"line":129,"column":3}},"40":{"start":{"line":117,"column":4},"end":{"line":128,"column":9}},"41":{"start":{"line":120,"column":8},"end":{"line":124,"column":11}},"42":{"start":{"line":127,"column":8},"end":{"line":127,"column":25}},"43":{"start":{"line":131,"column":19},"end":{"line":157,"column":3}},"44":{"start":{"line":132,"column":20},"end":{"line":134,"column":5}},"45":{"start":{"line":135,"column":4},"end":{"line":137,"column":7}},"46":{"start":{"line":136,"column":6},"end":{"line":136,"column":28}},"47":{"start":{"line":138,"column":20},"end":{"line":140,"column":5}},"48":{"start":{"line":141,"column":4},"end":{"line":143,"column":7}},"49":{"start":{"line":142,"column":6},"end":{"line":142,"column":36}},"50":{"start":{"line":144,"column":22},"end":{"line":146,"column":5}},"51":{"start":{"line":147,"column":4},"end":{"line":149,"column":7}},"52":{"start":{"line":148,"column":6},"end":{"line":148,"column":37}},"53":{"start":{"line":150,"column":4},"end":{"line":152,"column":7}},"54":{"start":{"line":153,"column":21},"end":{"line":153,"column":55}},"55":{"start":{"line":154,"column":4},"end":{"line":156,"column":5}},"56":{"start":{"line":155,"column":6},"end":{"line":155,"column":42}},"57":{"start":{"line":159,"column":20},"end":{"line":187,"column":3}},"58":{"start":{"line":160,"column":4},"end":{"line":186,"column":5}},"59":{"start":{"line":161,"column":6},"end":{"line":163,"column":9}},"60":{"start":{"line":164,"column":22},"end":{"line":166,"column":7}},"61":{"start":{"line":167,"column":6},"end":{"line":169,"column":9}},"62":{"start":{"line":168,"column":8},"end":{"line":168,"column":30}},"63":{"start":{"line":170,"column":24},"end":{"line":172,"column":7}},"64":{"start":{"line":173,"column":6},"end":{"line":175,"column":9}},"65":{"start":{"line":174,"column":8},"end":{"line":174,"column":38}},"66":{"start":{"line":176,"column":22},"end":{"line":178,"column":7}},"67":{"start":{"line":179,"column":6},"end":{"line":181,"column":9}},"68":{"start":{"line":180,"column":8},"end":{"line":180,"column":39}},"69":{"start":{"line":182,"column":23},"end":{"line":182,"column":57}},"70":{"start":{"line":183,"column":6},"end":{"line":185,"column":7}},"71":{"start":{"line":184,"column":8},"end":{"line":184,"column":44}},"72":{"start":{"line":189,"column":22},"end":{"line":210,"column":3}},"73":{"start":{"line":190,"column":4},"end":{"line":190,"column":24}},"74":{"start":{"line":191,"column":18},"end":{"line":208,"column":5}},"75":{"start":{"line":192,"column":15},"end":{"line":192,"column":56}},"76":{"start":{"line":193,"column":21},"end":{"line":193,"column":66}},"77":{"start":{"line":194,"column":22},"end":{"line":194,"column":66}},"78":{"start":{"line":195,"column":22},"end":{"line":195,"column":47}},"79":{"start":{"line":196,"column":6},"end":{"line":198,"column":7}},"80":{"start":{"line":197,"column":8},"end":{"line":197,"column":15}},"81":{"start":{"line":199,"column":6},"end":{"line":206,"column":7}},"82":{"start":{"line":200,"column":17},"end":{"line":200,"column":59}},"83":{"start":{"line":201,"column":8},"end":{"line":201,"column":35}},"84":{"start":{"line":202,"column":23},"end":{"line":202,"column":53}},"85":{"start":{"line":203,"column":8},"end":{"line":205,"column":11}},"86":{"start":{"line":207,"column":6},"end":{"line":207,"column":22}},"87":{"start":{"line":209,"column":4},"end":{"line":209,"column":25}},"88":{"start":{"line":223,"column":17},"end":{"line":234,"column":3}},"89":{"start":{"line":224,"column":4},"end":{"line":224,"column":23}},"90":{"start":{"line":225,"column":4},"end":{"line":227,"column":7}},"91":{"start":{"line":228,"column":20},"end":{"line":228,"column":57}},"92":{"start":{"line":229,"column":23},"end":{"line":229,"column":63}},"93":{"start":{"line":230,"column":4},"end":{"line":232,"column":5}},"94":{"start":{"line":230,"column":17},"end":{"line":230,"column":18}},"95":{"start":{"line":231,"column":6},"end":{"line":231,"column":47}},"96":{"start":{"line":233,"column":4},"end":{"line":233,"column":46}},"97":{"start":{"line":236,"column":16},"end":{"line":240,"column":3}},"98":{"start":{"line":237,"column":4},"end":{"line":239,"column":7}},"99":{"start":{"line":242,"column":21},"end":{"line":262,"column":3}},"100":{"start":{"line":243,"column":18},"end":{"line":260,"column":5}},"101":{"start":{"line":244,"column":15},"end":{"line":244,"column":51}},"102":{"start":{"line":245,"column":21},"end":{"line":245,"column":61}},"103":{"start":{"line":246,"column":20},"end":{"line":246,"column":59}},"104":{"start":{"line":247,"column":22},"end":{"line":247,"column":45}},"105":{"start":{"line":248,"column":6},"end":{"line":250,"column":7}},"106":{"start":{"line":249,"column":8},"end":{"line":249,"column":15}},"107":{"start":{"line":251,"column":6},"end":{"line":258,"column":7}},"108":{"start":{"line":252,"column":17},"end":{"line":252,"column":59}},"109":{"start":{"line":253,"column":8},"end":{"line":253,"column":35}},"110":{"start":{"line":254,"column":25},"end":{"line":254,"column":55}},"111":{"start":{"line":255,"column":8},"end":{"line":257,"column":11}},"112":{"start":{"line":259,"column":6},"end":{"line":259,"column":22}},"113":{"start":{"line":261,"column":4},"end":{"line":261,"column":25}},"114":{"start":{"line":264,"column":19},"end":{"line":280,"column":3}},"115":{"start":{"line":265,"column":19},"end":{"line":265,"column":59}},"116":{"start":{"line":266,"column":17},"end":{"line":266,"column":77}},"117":{"start":{"line":267,"column":13},"end":{"line":267,"column":49}},"118":{"start":{"line":268,"column":4},"end":{"line":270,"column":5}},"119":{"start":{"line":269,"column":6},"end":{"line":269,"column":37}},"120":{"start":{"line":271,"column":14},"end":{"line":271,"column":28}},"121":{"start":{"line":272,"column":4},"end":{"line":276,"column":5}},"122":{"start":{"line":273,"column":6},"end":{"line":273,"column":54}},"123":{"start":{"line":275,"column":6},"end":{"line":275,"column":12}},"124":{"start":{"line":277,"column":4},"end":{"line":279,"column":7}},"125":{"start":{"line":282,"column":21},"end":{"line":298,"column":3}},"126":{"start":{"line":283,"column":19},"end":{"line":283,"column":59}},"127":{"start":{"line":284,"column":18},"end":{"line":284,"column":60}},"128":{"start":{"line":285,"column":13},"end":{"line":285,"column":49}},"129":{"start":{"line":286,"column":4},"end":{"line":288,"column":5}},"130":{"start":{"line":287,"column":6},"end":{"line":287,"column":38}},"131":{"start":{"line":289,"column":14},"end":{"line":289,"column":28}},"132":{"start":{"line":290,"column":4},"end":{"line":294,"column":5}},"133":{"start":{"line":291,"column":6},"end":{"line":291,"column":14}},"134":{"start":{"line":293,"column":6},"end":{"line":293,"column":12}},"135":{"start":{"line":295,"column":4},"end":{"line":297,"column":7}},"136":{"start":{"line":300,"column":22},"end":{"line":303,"column":3}},"137":{"start":{"line":301,"column":4},"end":{"line":301,"column":24}},"138":{"start":{"line":302,"column":4},"end":{"line":302,"column":28}},"139":{"start":{"line":305,"column":21},"end":{"line":308,"column":3}},"140":{"start":{"line":306,"column":4},"end":{"line":306,"column":24}},"141":{"start":{"line":307,"column":4},"end":{"line":307,"column":26}},"142":{"start":{"line":310,"column":19},"end":{"line":320,"column":3}},"143":{"start":{"line":311,"column":4},"end":{"line":319,"column":5}},"144":{"start":{"line":312,"column":6},"end":{"line":314,"column":9}},"145":{"start":{"line":316,"column":6},"end":{"line":318,"column":9}},"146":{"start":{"line":322,"column":15},"end":{"line":328,"column":3}},"147":{"start":{"line":323,"column":14},"end":{"line":323,"column":15}},"148":{"start":{"line":324,"column":4},"end":{"line":326,"column":5}},"149":{"start":{"line":324,"column":17},"end":{"line":324,"column":18}},"150":{"start":{"line":325,"column":6},"end":{"line":325,"column":22}},"151":{"start":{"line":327,"column":4},"end":{"line":327,"column":30}},"152":{"start":{"line":330,"column":21},"end":{"line":333,"column":3}},"153":{"start":{"line":331,"column":4},"end":{"line":331,"column":60}},"154":{"start":{"line":332,"column":4},"end":{"line":332,"column":53}},"155":{"start":{"line":335,"column":20},"end":{"line":338,"column":3}},"156":{"start":{"line":336,"column":4},"end":{"line":336,"column":60}},"157":{"start":{"line":337,"column":4},"end":{"line":337,"column":58}},"158":{"start":{"line":341,"column":4},"end":{"line":410,"column":6}},"159":{"start":{"line":342,"column":52},"end":{"line":342,"column":75}}},"fnMap":{"0":{"name":"(anonymous_0)","decl":{"start":{"line":21,"column":2},"end":{"line":21,"column":3}},"loc":{"start":{"line":21,"column":21},"end":{"line":59,"column":3}},"line":21},"1":{"name":"(anonymous_1)","decl":{"start":{"line":61,"column":2},"end":{"line":61,"column":3}},"loc":{"start":{"line":61,"column":32},"end":{"line":66,"column":3}},"line":61},"2":{"name":"(anonymous_2)","decl":{"start":{"line":68,"column":18},"end":{"line":68,"column":19}},"loc":{"start":{"line":68,"column":25},"end":{"line":90,"column":3}},"line":68},"3":{"name":"(anonymous_3)","decl":{"start":{"line":84,"column":12},"end":{"line":84,"column":13}},"loc":{"start":{"line":84,"column":26},"end":{"line":86,"column":7}},"line":84},"4":{"name":"(anonymous_4)","decl":{"start":{"line":87,"column":13},"end":{"line":87,"column":14}},"loc":{"start":{"line":87,"column":22},"end":{"line":89,"column":7}},"line":87},"5":{"name":"(anonymous_5)","decl":{"start":{"line":92,"column":17},"end":{"line":92,"column":18}},"loc":{"start":{"line":92,"column":25},"end":{"line":114,"column":3}},"line":92},"6":{"name":"(anonymous_6)","decl":{"start":{"line":95,"column":12},"end":{"line":95,"column":13}},"loc":{"start":{"line":95,"column":27},"end":{"line":110,"column":7}},"line":95},"7":{"name":"(anonymous_7)","decl":{"start":{"line":111,"column":13},"end":{"line":111,"column":14}},"loc":{"start":{"line":111,"column":22},"end":{"line":113,"column":7}},"line":111},"8":{"name":"(anonymous_8)","decl":{"start":{"line":116,"column":18},"end":{"line":116,"column":19}},"loc":{"start":{"line":116,"column":26},"end":{"line":129,"column":3}},"line":116},"9":{"name":"(anonymous_9)","decl":{"start":{"line":119,"column":12},"end":{"line":119,"column":13}},"loc":{"start":{"line":119,"column":28},"end":{"line":125,"column":7}},"line":119},"10":{"name":"(anonymous_10)","decl":{"start":{"line":126,"column":13},"end":{"line":126,"column":14}},"loc":{"start":{"line":126,"column":22},"end":{"line":128,"column":7}},"line":126},"11":{"name":"(anonymous_11)","decl":{"start":{"line":131,"column":19},"end":{"line":131,"column":20}},"loc":{"start":{"line":131,"column":26},"end":{"line":157,"column":3}},"line":131},"12":{"name":"(anonymous_12)","decl":{"start":{"line":135,"column":22},"end":{"line":135,"column":23}},"loc":{"start":{"line":135,"column":29},"end":{"line":137,"column":5}},"line":135},"13":{"name":"(anonymous_13)","decl":{"start":{"line":141,"column":22},"end":{"line":141,"column":23}},"loc":{"start":{"line":141,"column":29},"end":{"line":143,"column":5}},"line":141},"14":{"name":"(anonymous_14)","decl":{"start":{"line":147,"column":24},"end":{"line":147,"column":25}},"loc":{"start":{"line":147,"column":31},"end":{"line":149,"column":5}},"line":147},"15":{"name":"(anonymous_15)","decl":{"start":{"line":159,"column":20},"end":{"line":159,"column":21}},"loc":{"start":{"line":159,"column":27},"end":{"line":187,"column":3}},"line":159},"16":{"name":"(anonymous_16)","decl":{"start":{"line":167,"column":24},"end":{"line":167,"column":25}},"loc":{"start":{"line":167,"column":31},"end":{"line":169,"column":7}},"line":167},"17":{"name":"(anonymous_17)","decl":{"start":{"line":173,"column":26},"end":{"line":173,"column":27}},"loc":{"start":{"line":173,"column":33},"end":{"line":175,"column":7}},"line":173},"18":{"name":"(anonymous_18)","decl":{"start":{"line":179,"column":24},"end":{"line":179,"column":25}},"loc":{"start":{"line":179,"column":31},"end":{"line":181,"column":7}},"line":179},"19":{"name":"(anonymous_19)","decl":{"start":{"line":189,"column":22},"end":{"line":189,"column":23}},"loc":{"start":{"line":189,"column":36},"end":{"line":210,"column":3}},"line":189},"20":{"name":"(anonymous_20)","decl":{"start":{"line":191,"column":18},"end":{"line":191,"column":19}},"loc":{"start":{"line":191,"column":30},"end":{"line":208,"column":5}},"line":191},"21":{"name":"(anonymous_21)","decl":{"start":{"line":223,"column":17},"end":{"line":223,"column":18}},"loc":{"start":{"line":223,"column":42},"end":{"line":234,"column":3}},"line":223},"22":{"name":"(anonymous_22)","decl":{"start":{"line":236,"column":16},"end":{"line":236,"column":17}},"loc":{"start":{"line":236,"column":22},"end":{"line":240,"column":3}},"line":236},"23":{"name":"(anonymous_23)","decl":{"start":{"line":242,"column":21},"end":{"line":242,"column":22}},"loc":{"start":{"line":242,"column":35},"end":{"line":262,"column":3}},"line":242},"24":{"name":"(anonymous_24)","decl":{"start":{"line":243,"column":18},"end":{"line":243,"column":19}},"loc":{"start":{"line":243,"column":30},"end":{"line":260,"column":5}},"line":243},"25":{"name":"(anonymous_25)","decl":{"start":{"line":264,"column":19},"end":{"line":264,"column":20}},"loc":{"start":{"line":264,"column":26},"end":{"line":280,"column":3}},"line":264},"26":{"name":"(anonymous_26)","decl":{"start":{"line":282,"column":21},"end":{"line":282,"column":22}},"loc":{"start":{"line":282,"column":28},"end":{"line":298,"column":3}},"line":282},"27":{"name":"(anonymous_27)","decl":{"start":{"line":300,"column":22},"end":{"line":300,"column":23}},"loc":{"start":{"line":300,"column":29},"end":{"line":303,"column":3}},"line":300},"28":{"name":"(anonymous_28)","decl":{"start":{"line":305,"column":21},"end":{"line":305,"column":22}},"loc":{"start":{"line":305,"column":28},"end":{"line":308,"column":3}},"line":305},"29":{"name":"(anonymous_29)","decl":{"start":{"line":310,"column":19},"end":{"line":310,"column":20}},"loc":{"start":{"line":310,"column":25},"end":{"line":320,"column":3}},"line":310},"30":{"name":"(anonymous_30)","decl":{"start":{"line":322,"column":15},"end":{"line":322,"column":16}},"loc":{"start":{"line":322,"column":26},"end":{"line":328,"column":3}},"line":322},"31":{"name":"(anonymous_31)","decl":{"start":{"line":330,"column":21},"end":{"line":330,"column":22}},"loc":{"start":{"line":330,"column":37},"end":{"line":333,"column":3}},"line":330},"32":{"name":"(anonymous_32)","decl":{"start":{"line":335,"column":20},"end":{"line":335,"column":21}},"loc":{"start":{"line":335,"column":37},"end":{"line":338,"column":3}},"line":335},"33":{"name":"(anonymous_33)","decl":{"start":{"line":340,"column":2},"end":{"line":340,"column":3}},"loc":{"start":{"line":340,"column":11},"end":{"line":411,"column":3}},"line":340},"34":{"name":"(anonymous_34)","decl":{"start":{"line":342,"column":45},"end":{"line":342,"column":46}},"loc":{"start":{"line":342,"column":52},"end":{"line":342,"column":75}},"line":342}},"branchMap":{"0":{"loc":{"start":{"line":62,"column":4},"end":{"line":65,"column":5}},"type":"if","locations":[{"start":{"line":62,"column":4},"end":{"line":65,"column":5}},{"start":{"line":62,"column":4},"end":{"line":65,"column":5}}],"line":62},"1":{"loc":{"start":{"line":76,"column":6},"end":{"line":80,"column":7}},"type":"if","locations":[{"start":{"line":76,"column":6},"end":{"line":80,"column":7}},{"start":{"line":76,"column":6},"end":{"line":80,"column":7}}],"line":76},"2":{"loc":{"start":{"line":101,"column":10},"end":{"line":106,"column":11}},"type":"if","locations":[{"start":{"line":101,"column":10},"end":{"line":106,"column":11}},{"start":{"line":101,"column":10},"end":{"line":106,"column":11}}],"line":101},"3":{"loc":{"start":{"line":154,"column":4},"end":{"line":156,"column":5}},"type":"if","locations":[{"start":{"line":154,"column":4},"end":{"line":156,"column":5}},{"start":{"line":154,"column":4},"end":{"line":156,"column":5}}],"line":154},"4":{"loc":{"start":{"line":160,"column":4},"end":{"line":186,"column":5}},"type":"if","locations":[{"start":{"line":160,"column":4},"end":{"line":186,"column":5}},{"start":{"line":160,"column":4},"end":{"line":186,"column":5}}],"line":160},"5":{"loc":{"start":{"line":183,"column":6},"end":{"line":185,"column":7}},"type":"if","locations":[{"start":{"line":183,"column":6},"end":{"line":185,"column":7}},{"start":{"line":183,"column":6},"end":{"line":185,"column":7}}],"line":183},"6":{"loc":{"start":{"line":196,"column":6},"end":{"line":198,"column":7}},"type":"if","locations":[{"start":{"line":196,"column":6},"end":{"line":198,"column":7}},{"start":{"line":196,"column":6},"end":{"line":198,"column":7}}],"line":196},"7":{"loc":{"start":{"line":199,"column":6},"end":{"line":206,"column":7}},"type":"if","locations":[{"start":{"line":199,"column":6},"end":{"line":206,"column":7}},{"start":{"line":199,"column":6},"end":{"line":206,"column":7}}],"line":199},"8":{"loc":{"start":{"line":248,"column":6},"end":{"line":250,"column":7}},"type":"if","locations":[{"start":{"line":248,"column":6},"end":{"line":250,"column":7}},{"start":{"line":248,"column":6},"end":{"line":250,"column":7}}],"line":248},"9":{"loc":{"start":{"line":251,"column":6},"end":{"line":258,"column":7}},"type":"if","locations":[{"start":{"line":251,"column":6},"end":{"line":258,"column":7}},{"start":{"line":251,"column":6},"end":{"line":258,"column":7}}],"line":251},"10":{"loc":{"start":{"line":272,"column":4},"end":{"line":276,"column":5}},"type":"if","locations":[{"start":{"line":272,"column":4},"end":{"line":276,"column":5}},{"start":{"line":272,"column":4},"end":{"line":276,"column":5}}],"line":272},"11":{"loc":{"start":{"line":290,"column":4},"end":{"line":294,"column":5}},"type":"if","locations":[{"start":{"line":290,"column":4},"end":{"line":294,"column":5}},{"start":{"line":290,"column":4},"end":{"line":294,"column":5}}],"line":290},"12":{"loc":{"start":{"line":311,"column":4},"end":{"line":319,"column":5}},"type":"if","locations":[{"start":{"line":311,"column":4},"end":{"line":319,"column":5}},{"start":{"line":311,"column":4},"end":{"line":319,"column":5}}],"line":311}},"s":{"0":1,"1":1,"2":1,"3":1,"4":1,"5":1,"6":1,"7":1,"8":1,"9":1,"10":1,"11":1,"12":1,"13":1,"14":1,"15":1,"16":1,"17":1,"18":0,"19":0,"20":0,"21":1,"22":0,"23":0,"24":0,"25":0,"26":0,"27":0,"28":0,"29":1,"30":0,"31":0,"32":0,"33":0,"34":0,"35":0,"36":0,"37":0,"38":0,"39":1,"40":0,"41":0,"42":0,"43":1,"44":0,"45":0,"46":0,"47":0,"48":0,"49":0,"50":0,"51":0,"52":0,"53":0,"54":0,"55":0,"56":0,"57":1,"58":0,"59":0,"60":0,"61":0,"62":0,"63":0,"64":0,"65":0,"66":0,"67":0,"68":0,"69":0,"70":0,"71":0,"72":1,"73":0,"74":0,"75":0,"76":0,"77":0,"78":0,"79":0,"80":0,"81":0,"82":0,"83":0,"84":0,"85":0,"86":0,"87":0,"88":1,"89":0,"90":0,"91":0,"92":0,"93":0,"94":0,"95":0,"96":0,"97":1,"98":0,"99":1,"100":0,"101":0,"102":0,"103":0,"104":0,"105":0,"106":0,"107":0,"108":0,"109":0,"110":0,"111":0,"112":0,"113":0,"114":1,"115":0,"116":0,"117":0,"118":0,"119":0,"120":0,"121":0,"122":0,"123":0,"124":0,"125":1,"126":0,"127":0,"128":0,"129":0,"130":0,"131":0,"132":0,"133":0,"134":0,"135":0,"136":1,"137":0,"138":0,"139":1,"140":0,"141":0,"142":1,"143":0,"144":0,"145":0,"146":1,"147":0,"148":0,"149":0,"150":0,"151":0,"152":1,"153":0,"154":0,"155":1,"156":0,"157":0,"158":1,"159":0},"f":{"0":1,"1":0,"2":0,"3":0,"4":0,"5":0,"6":0,"7":0,"8":0,"9":0,"10":0,"11":0,"12":0,"13":0,"14":0,"15":0,"16":0,"17":0,"18":0,"19":0,"20":0,"21":0,"22":0,"23":0,"24":0,"25":0,"26":0,"27":0,"28":0,"29":0,"30":0,"31":0,"32":0,"33":1,"34":0},"b":{"0":[0,0],"1":[0,0],"2":[0,0],"3":[0,0],"4":[0,0],"5":[0,0],"6":[0,0],"7":[0,0],"8":[0,0],"9":[0,0],"10":[0,0],"11":[0,0],"12":[0,0]},"_coverageSchema":"1a1c01bbd47fc00a2c39e90264f33305004495a9","hash":"c17fd8f13fb45478d48eb2f3a0ffb6ef19b37025"}
,"/Users/JonahC/HR/SEI/Senior/Charon-FE-Capstone/client/src/components/main_component/add_to_cart/AddToCart.jsx": {"path":"/Users/JonahC/HR/SEI/Senior/Charon-FE-Capstone/client/src/components/main_component/add_to_cart/AddToCart.jsx","statementMap":{"0":{"start":{"line":5,"column":18},"end":{"line":20,"column":1}},"1":{"start":{"line":6,"column":2},"end":{"line":19,"column":4}},"2":{"start":{"line":13,"column":26},"end":{"line":13,"column":43}}},"fnMap":{"0":{"name":"(anonymous_0)","decl":{"start":{"line":5,"column":18},"end":{"line":5,"column":19}},"loc":{"start":{"line":5,"column":29},"end":{"line":20,"column":1}},"line":5},"1":{"name":"(anonymous_1)","decl":{"start":{"line":13,"column":19},"end":{"line":13,"column":20}},"loc":{"start":{"line":13,"column":26},"end":{"line":13,"column":43}},"line":13}},"branchMap":{},"s":{"0":2,"1":0,"2":0},"f":{"0":0,"1":0},"b":{},"_coverageSchema":"1a1c01bbd47fc00a2c39e90264f33305004495a9","hash":"9bf9bf25c00ef4fd85c028bbf5a6c02c77af9f36"}
,"/Users/JonahC/HR/SEI/Senior/Charon-FE-Capstone/client/src/components/main_component/add_to_cart/QuantitySelect.jsx": {"path":"/Users/JonahC/HR/SEI/Senior/Charon-FE-Capstone/client/src/components/main_component/add_to_cart/QuantitySelect.jsx","statementMap":{"0":{"start":{"line":4,"column":25},"end":{"line":36,"column":1}},"1":{"start":{"line":5,"column":18},"end":{"line":5,"column":20}},"2":{"start":{"line":7,"column":10},"end":{"line":7,"column":11}},"3":{"start":{"line":8,"column":2},"end":{"line":12,"column":3}},"4":{"start":{"line":9,"column":4},"end":{"line":11,"column":5}},"5":{"start":{"line":10,"column":6},"end":{"line":10,"column":42}},"6":{"start":{"line":13,"column":2},"end":{"line":15,"column":3}},"7":{"start":{"line":14,"column":4},"end":{"line":14,"column":13}},"8":{"start":{"line":16,"column":2},"end":{"line":22,"column":3}},"9":{"start":{"line":17,"column":4},"end":{"line":20,"column":7}},"10":{"start":{"line":21,"column":4},"end":{"line":21,"column":11}},"11":{"start":{"line":24,"column":2},"end":{"line":35,"column":4}}},"fnMap":{"0":{"name":"(anonymous_0)","decl":{"start":{"line":4,"column":25},"end":{"line":4,"column":26}},"loc":{"start":{"line":4,"column":36},"end":{"line":36,"column":1}},"line":4}},"branchMap":{"0":{"loc":{"start":{"line":9,"column":4},"end":{"line":11,"column":5}},"type":"if","locations":[{"start":{"line":9,"column":4},"end":{"line":11,"column":5}},{"start":{"line":9,"column":4},"end":{"line":11,"column":5}}],"line":9},"1":{"loc":{"start":{"line":13,"column":2},"end":{"line":15,"column":3}},"type":"if","locations":[{"start":{"line":13,"column":2},"end":{"line":15,"column":3}},{"start":{"line":13,"column":2},"end":{"line":15,"column":3}}],"line":13}},"s":{"0":2,"1":0,"2":0,"3":0,"4":0,"5":0,"6":0,"7":0,"8":0,"9":0,"10":0,"11":0},"f":{"0":0},"b":{"0":[0,0],"1":[0,0]},"_coverageSchema":"1a1c01bbd47fc00a2c39e90264f33305004495a9","hash":"569a99b8f1a1c64bcc881edf367b1250392ac4b3"}
,"/Users/JonahC/HR/SEI/Senior/Charon-FE-Capstone/client/src/components/main_component/add_to_cart/SizeSelect.jsx": {"path":"/Users/JonahC/HR/SEI/Senior/Charon-FE-Capstone/client/src/components/main_component/add_to_cart/SizeSelect.jsx","statementMap":{"0":{"start":{"line":4,"column":21},"end":{"line":32,"column":1}},"1":{"start":{"line":5,"column":18},"end":{"line":5,"column":20}},"2":{"start":{"line":7,"column":2},"end":{"line":19,"column":3}},"3":{"start":{"line":8,"column":4},"end":{"line":18,"column":5}},"4":{"start":{"line":9,"column":6},"end":{"line":12,"column":9}},"5":{"start":{"line":14,"column":6},"end":{"line":17,"column":9}},"6":{"start":{"line":20,"column":2},"end":{"line":31,"column":4}}},"fnMap":{"0":{"name":"(anonymous_0)","decl":{"start":{"line":4,"column":21},"end":{"line":4,"column":22}},"loc":{"start":{"line":4,"column":32},"end":{"line":32,"column":1}},"line":4}},"branchMap":{"0":{"loc":{"start":{"line":8,"column":4},"end":{"line":18,"column":5}},"type":"if","locations":[{"start":{"line":8,"column":4},"end":{"line":18,"column":5}},{"start":{"line":8,"column":4},"end":{"line":18,"column":5}}],"line":8}},"s":{"0":2,"1":0,"2":0,"3":0,"4":0,"5":0,"6":0},"f":{"0":0},"b":{"0":[0,0]},"_coverageSchema":"1a1c01bbd47fc00a2c39e90264f33305004495a9","hash":"52cb1abf0c810c78e970d243f430b608f8eb67fc"}
,"/Users/JonahC/HR/SEI/Senior/Charon-FE-Capstone/client/src/components/main_component/image_gallery/GalleryView.jsx": {"path":"/Users/JonahC/HR/SEI/Senior/Charon-FE-Capstone/client/src/components/main_component/image_gallery/GalleryView.jsx","statementMap":{"0":{"start":{"line":6,"column":16},"end":{"line":57,"column":1}},"1":{"start":{"line":7,"column":2},"end":{"line":56,"column":3}},"2":{"start":{"line":8,"column":4},"end":{"line":53,"column":6}},"3":{"start":{"line":17,"column":30},"end":{"line":17,"column":46}},"4":{"start":{"line":24,"column":14},"end":{"line":37,"column":16}},"5":{"start":{"line":33,"column":38},"end":{"line":33,"column":68}},"6":{"start":{"line":48,"column":30},"end":{"line":48,"column":48}},"7":{"start":{"line":55,"column":4},"end":{"line":55,"column":44}}},"fnMap":{"0":{"name":"(anonymous_0)","decl":{"start":{"line":6,"column":16},"end":{"line":6,"column":17}},"loc":{"start":{"line":6,"column":27},"end":{"line":57,"column":1}},"line":6},"1":{"name":"(anonymous_1)","decl":{"start":{"line":17,"column":23},"end":{"line":17,"column":24}},"loc":{"start":{"line":17,"column":30},"end":{"line":17,"column":46}},"line":17},"2":{"name":"(anonymous_2)","decl":{"start":{"line":23,"column":43},"end":{"line":23,"column":44}},"loc":{"start":{"line":23,"column":59},"end":{"line":38,"column":13}},"line":23},"3":{"name":"(anonymous_3)","decl":{"start":{"line":33,"column":31},"end":{"line":33,"column":32}},"loc":{"start":{"line":33,"column":38},"end":{"line":33,"column":68}},"line":33},"4":{"name":"(anonymous_4)","decl":{"start":{"line":48,"column":23},"end":{"line":48,"column":24}},"loc":{"start":{"line":48,"column":30},"end":{"line":48,"column":48}},"line":48}},"branchMap":{"0":{"loc":{"start":{"line":7,"column":2},"end":{"line":56,"column":3}},"type":"if","locations":[{"start":{"line":7,"column":2},"end":{"line":56,"column":3}},{"start":{"line":7,"column":2},"end":{"line":56,"column":3}}],"line":7}},"s":{"0":2,"1":0,"2":0,"3":0,"4":0,"5":0,"6":0,"7":0},"f":{"0":0,"1":0,"2":0,"3":0,"4":0},"b":{"0":[0,0]},"_coverageSchema":"1a1c01bbd47fc00a2c39e90264f33305004495a9","hash":"44b0ccef0fb4e92de5fc901d3440c1e56cb617dc"}
,"/Users/JonahC/HR/SEI/Senior/Charon-FE-Capstone/client/src/components/main_component/image_gallery/ImgModal.jsx": {"path":"/Users/JonahC/HR/SEI/Senior/Charon-FE-Capstone/client/src/components/main_component/image_gallery/ImgModal.jsx","statementMap":{"0":{"start":{"line":12,"column":17},"end":{"line":48,"column":1}},"1":{"start":{"line":13,"column":2},"end":{"line":47,"column":3}},"2":{"start":{"line":14,"column":4},"end":{"line":44,"column":5}},"3":{"start":{"line":15,"column":6},"end":{"line":38,"column":8}},"4":{"start":{"line":39,"column":11},"end":{"line":44,"column":5}},"5":{"start":{"line":40,"column":18},"end":{"line":42,"column":7}},"6":{"start":{"line":43,"column":6},"end":{"line":43,"column":39}},"7":{"start":{"line":46,"column":4},"end":{"line":46,"column":38}}},"fnMap":{"0":{"name":"(anonymous_0)","decl":{"start":{"line":12,"column":17},"end":{"line":12,"column":18}},"loc":{"start":{"line":12,"column":28},"end":{"line":48,"column":1}},"line":12}},"branchMap":{"0":{"loc":{"start":{"line":13,"column":2},"end":{"line":47,"column":3}},"type":"if","locations":[{"start":{"line":13,"column":2},"end":{"line":47,"column":3}},{"start":{"line":13,"column":2},"end":{"line":47,"column":3}}],"line":13},"1":{"loc":{"start":{"line":14,"column":4},"end":{"line":44,"column":5}},"type":"if","locations":[{"start":{"line":14,"column":4},"end":{"line":44,"column":5}},{"start":{"line":14,"column":4},"end":{"line":44,"column":5}}],"line":14},"2":{"loc":{"start":{"line":39,"column":11},"end":{"line":44,"column":5}},"type":"if","locations":[{"start":{"line":39,"column":11},"end":{"line":44,"column":5}},{"start":{"line":39,"column":11},"end":{"line":44,"column":5}}],"line":39}},"s":{"0":2,"1":0,"2":0,"3":0,"4":0,"5":0,"6":0,"7":0},"f":{"0":0},"b":{"0":[0,0],"1":[0,0],"2":[0,0]},"_coverageSchema":"1a1c01bbd47fc00a2c39e90264f33305004495a9","hash":"b1b1b6b41c0bd6df435eb36114adf4350486ebb3"}
,"/Users/JonahC/HR/SEI/Senior/Charon-FE-Capstone/client/src/components/main_component/image_gallery/MainImage.jsx": {"path":"/Users/JonahC/HR/SEI/Senior/Charon-FE-Capstone/client/src/components/main_component/image_gallery/MainImage.jsx","statementMap":{"0":{"start":{"line":16,"column":17},"end":{"line":98,"column":1}},"1":{"start":{"line":17,"column":2},"end":{"line":97,"column":3}},"2":{"start":{"line":18,"column":4},"end":{"line":88,"column":5}},"3":{"start":{"line":19,"column":6},"end":{"line":59,"column":8}},"4":{"start":{"line":28,"column":32},"end":{"line":28,"column":51}},"5":{"start":{"line":36,"column":28},"end":{"line":36,"column":48}},"6":{"start":{"line":44,"column":30},"end":{"line":44,"column":50}},"7":{"start":{"line":54,"column":32},"end":{"line":54,"column":51}},"8":{"start":{"line":60,"column":11},"end":{"line":88,"column":5}},"9":{"start":{"line":61,"column":6},"end":{"line":87,"column":8}},"10":{"start":{"line":66,"column":28},"end":{"line":66,"column":48}},"11":{"start":{"line":82,"column":32},"end":{"line":82,"column":51}},"12":{"start":{"line":90,"column":4},"end":{"line":96,"column":6}}},"fnMap":{"0":{"name":"(anonymous_0)","decl":{"start":{"line":16,"column":17},"end":{"line":16,"column":18}},"loc":{"start":{"line":16,"column":28},"end":{"line":98,"column":1}},"line":16},"1":{"name":"(anonymous_1)","decl":{"start":{"line":28,"column":25},"end":{"line":28,"column":26}},"loc":{"start":{"line":28,"column":32},"end":{"line":28,"column":51}},"line":28},"2":{"name":"(anonymous_2)","decl":{"start":{"line":36,"column":21},"end":{"line":36,"column":22}},"loc":{"start":{"line":36,"column":28},"end":{"line":36,"column":48}},"line":36},"3":{"name":"(anonymous_3)","decl":{"start":{"line":44,"column":23},"end":{"line":44,"column":24}},"loc":{"start":{"line":44,"column":30},"end":{"line":44,"column":50}},"line":44},"4":{"name":"(anonymous_4)","decl":{"start":{"line":54,"column":25},"end":{"line":54,"column":26}},"loc":{"start":{"line":54,"column":32},"end":{"line":54,"column":51}},"line":54},"5":{"name":"(anonymous_5)","decl":{"start":{"line":66,"column":21},"end":{"line":66,"column":22}},"loc":{"start":{"line":66,"column":28},"end":{"line":66,"column":48}},"line":66},"6":{"name":"(anonymous_6)","decl":{"start":{"line":82,"column":25},"end":{"line":82,"column":26}},"loc":{"start":{"line":82,"column":32},"end":{"line":82,"column":51}},"line":82}},"branchMap":{"0":{"loc":{"start":{"line":17,"column":2},"end":{"line":97,"column":3}},"type":"if","locations":[{"start":{"line":17,"column":2},"end":{"line":97,"column":3}},{"start":{"line":17,"column":2},"end":{"line":97,"column":3}}],"line":17},"1":{"loc":{"start":{"line":18,"column":4},"end":{"line":88,"column":5}},"type":"if","locations":[{"start":{"line":18,"column":4},"end":{"line":88,"column":5}},{"start":{"line":18,"column":4},"end":{"line":88,"column":5}}],"line":18},"2":{"loc":{"start":{"line":60,"column":11},"end":{"line":88,"column":5}},"type":"if","locations":[{"start":{"line":60,"column":11},"end":{"line":88,"column":5}},{"start":{"line":60,"column":11},"end":{"line":88,"column":5}}],"line":60}},"s":{"0":2,"1":0,"2":0,"3":0,"4":0,"5":0,"6":0,"7":0,"8":0,"9":0,"10":0,"11":0,"12":0},"f":{"0":0,"1":0,"2":0,"3":0,"4":0,"5":0,"6":0},"b":{"0":[0,0],"1":[0,0],"2":[0,0]},"_coverageSchema":"1a1c01bbd47fc00a2c39e90264f33305004495a9","hash":"fd0656377645bb2ba5745d83f81512bc61d3d716"}
,"/Users/JonahC/HR/SEI/Senior/Charon-FE-Capstone/client/src/components/main_component/image_gallery/ModalGallery.jsx": {"path":"/Users/JonahC/HR/SEI/Senior/Charon-FE-Capstone/client/src/components/main_component/image_gallery/ModalGallery.jsx","statementMap":{"0":{"start":{"line":3,"column":21},"end":{"line":32,"column":1}},"1":{"start":{"line":4,"column":2},"end":{"line":31,"column":3}},"2":{"start":{"line":5,"column":4},"end":{"line":28,"column":6}},"3":{"start":{"line":10,"column":14},"end":{"line":23,"column":16}},"4":{"start":{"line":19,"column":38},"end":{"line":19,"column":66}},"5":{"start":{"line":30,"column":4},"end":{"line":30,"column":43}}},"fnMap":{"0":{"name":"(anonymous_0)","decl":{"start":{"line":3,"column":21},"end":{"line":3,"column":22}},"loc":{"start":{"line":3,"column":32},"end":{"line":32,"column":1}},"line":3},"1":{"name":"(anonymous_1)","decl":{"start":{"line":9,"column":43},"end":{"line":9,"column":44}},"loc":{"start":{"line":9,"column":59},"end":{"line":24,"column":13}},"line":9},"2":{"name":"(anonymous_2)","decl":{"start":{"line":19,"column":31},"end":{"line":19,"column":32}},"loc":{"start":{"line":19,"column":38},"end":{"line":19,"column":66}},"line":19}},"branchMap":{"0":{"loc":{"start":{"line":4,"column":2},"end":{"line":31,"column":3}},"type":"if","locations":[{"start":{"line":4,"column":2},"end":{"line":31,"column":3}},{"start":{"line":4,"column":2},"end":{"line":31,"column":3}}],"line":4}},"s":{"0":2,"1":0,"2":0,"3":0,"4":0,"5":0},"f":{"0":0,"1":0,"2":0},"b":{"0":[0,0]},"_coverageSchema":"1a1c01bbd47fc00a2c39e90264f33305004495a9","hash":"d8af5e25477f59e235dd9c35ad74895a75fc292e"}
,"/Users/JonahC/HR/SEI/Senior/Charon-FE-Capstone/client/src/components/main_component/product_information/BrandLogos.jsx": {"path":"/Users/JonahC/HR/SEI/Senior/Charon-FE-Capstone/client/src/components/main_component/product_information/BrandLogos.jsx","statementMap":{"0":{"start":{"line":8,"column":15},"end":{"line":44,"column":1}},"1":{"start":{"line":9,"column":2},"end":{"line":43,"column":4}}},"fnMap":{"0":{"name":"(anonymous_0)","decl":{"start":{"line":8,"column":15},"end":{"line":8,"column":16}},"loc":{"start":{"line":8,"column":26},"end":{"line":44,"column":1}},"line":8}},"branchMap":{},"s":{"0":2,"1":0},"f":{"0":0},"b":{},"_coverageSchema":"1a1c01bbd47fc00a2c39e90264f33305004495a9","hash":"5db5fadd85ac2c23155f5b7327483af207998bdc"}
,"/Users/JonahC/HR/SEI/Senior/Charon-FE-Capstone/client/src/components/main_component/product_information/FreeForm.jsx": {"path":"/Users/JonahC/HR/SEI/Senior/Charon-FE-Capstone/client/src/components/main_component/product_information/FreeForm.jsx","statementMap":{"0":{"start":{"line":3,"column":15},"end":{"line":19,"column":1}},"1":{"start":{"line":6,"column":2},"end":{"line":11,"column":3}},"2":{"start":{"line":6,"column":15},"end":{"line":6,"column":16}},"3":{"start":{"line":7,"column":4},"end":{"line":10,"column":5}},"4":{"start":{"line":8,"column":6},"end":{"line":8,"column":47}},"5":{"start":{"line":9,"column":6},"end":{"line":9,"column":57}},"6":{"start":{"line":13,"column":2},"end":{"line":18,"column":4}}},"fnMap":{"0":{"name":"(anonymous_0)","decl":{"start":{"line":3,"column":15},"end":{"line":3,"column":16}},"loc":{"start":{"line":3,"column":26},"end":{"line":19,"column":1}},"line":3}},"branchMap":{"0":{"loc":{"start":{"line":7,"column":4},"end":{"line":10,"column":5}},"type":"if","locations":[{"start":{"line":7,"column":4},"end":{"line":10,"column":5}},{"start":{"line":7,"column":4},"end":{"line":10,"column":5}}],"line":7}},"s":{"0":2,"1":0,"2":0,"3":0,"4":0,"5":0,"6":0},"f":{"0":0},"b":{"0":[0,0]},"_coverageSchema":"1a1c01bbd47fc00a2c39e90264f33305004495a9","hash":"3e93eee6dfa71cf3b5698ae8a360f32b13624e33"}
,"/Users/JonahC/HR/SEI/Senior/Charon-FE-Capstone/client/src/components/main_component/product_information/OV_Review.jsx": {"path":"/Users/JonahC/HR/SEI/Senior/Charon-FE-Capstone/client/src/components/main_component/product_information/OV_Review.jsx","statementMap":{"0":{"start":{"line":5,"column":15},"end":{"line":37,"column":1}},"1":{"start":{"line":6,"column":19},"end":{"line":6,"column":35}},"2":{"start":{"line":7,"column":14},"end":{"line":7,"column":25}},"3":{"start":{"line":8,"column":2},"end":{"line":36,"column":3}},"4":{"start":{"line":9,"column":21},"end":{"line":9,"column":22}},"5":{"start":{"line":10,"column":18},"end":{"line":10,"column":20}},"6":{"start":{"line":11,"column":4},"end":{"line":14,"column":5}},"7":{"start":{"line":11,"column":17},"end":{"line":11,"column":18}},"8":{"start":{"line":12,"column":6},"end":{"line":12,"column":41}},"9":{"start":{"line":13,"column":6},"end":{"line":13,"column":19}},"10":{"start":{"line":15,"column":24},"end":{"line":15,"column":50}},"11":{"start":{"line":16,"column":4},"end":{"line":29,"column":5}},"12":{"start":{"line":17,"column":6},"end":{"line":26,"column":8}},"13":{"start":{"line":28,"column":6},"end":{"line":28,"column":43}},"14":{"start":{"line":31,"column":4},"end":{"line":35,"column":6}}},"fnMap":{"0":{"name":"(anonymous_0)","decl":{"start":{"line":5,"column":15},"end":{"line":5,"column":16}},"loc":{"start":{"line":5,"column":26},"end":{"line":37,"column":1}},"line":5}},"branchMap":{"0":{"loc":{"start":{"line":8,"column":2},"end":{"line":36,"column":3}},"type":"if","locations":[{"start":{"line":8,"column":2},"end":{"line":36,"column":3}},{"start":{"line":8,"column":2},"end":{"line":36,"column":3}}],"line":8},"1":{"loc":{"start":{"line":16,"column":4},"end":{"line":29,"column":5}},"type":"if","locations":[{"start":{"line":16,"column":4},"end":{"line":29,"column":5}},{"start":{"line":16,"column":4},"end":{"line":29,"column":5}}],"line":16}},"s":{"0":2,"1":0,"2":0,"3":0,"4":0,"5":0,"6":0,"7":0,"8":0,"9":0,"10":0,"11":0,"12":0,"13":0,"14":0},"f":{"0":0},"b":{"0":[0,0],"1":[0,0]},"_coverageSchema":"1a1c01bbd47fc00a2c39e90264f33305004495a9","hash":"97ab09d796db500f5bc9fcf6082f490938b9fe3e"}
,"/Users/JonahC/HR/SEI/Senior/Charon-FE-Capstone/client/src/components/main_component/product_information/ProductInfo.jsx": {"path":"/Users/JonahC/HR/SEI/Senior/Charon-FE-Capstone/client/src/components/main_component/product_information/ProductInfo.jsx","statementMap":{"0":{"start":{"line":3,"column":18},"end":{"line":49,"column":1}},"1":{"start":{"line":6,"column":21},"end":{"line":6,"column":57}},"2":{"start":{"line":7,"column":23},"end":{"line":7,"column":55}},"3":{"start":{"line":8,"column":2},"end":{"line":13,"column":3}},"4":{"start":{"line":8,"column":15},"end":{"line":8,"column":16}},"5":{"start":{"line":9,"column":4},"end":{"line":12,"column":5}},"6":{"start":{"line":10,"column":6},"end":{"line":10,"column":51}},"7":{"start":{"line":11,"column":6},"end":{"line":11,"column":43}},"8":{"start":{"line":14,"column":2},"end":{"line":48,"column":3}},"9":{"start":{"line":15,"column":4},"end":{"line":27,"column":6}},"10":{"start":{"line":29,"column":21},"end":{"line":31,"column":5}},"11":{"start":{"line":32,"column":20},"end":{"line":34,"column":5}},"12":{"start":{"line":35,"column":4},"end":{"line":47,"column":6}}},"fnMap":{"0":{"name":"(anonymous_0)","decl":{"start":{"line":3,"column":18},"end":{"line":3,"column":19}},"loc":{"start":{"line":3,"column":29},"end":{"line":49,"column":1}},"line":3}},"branchMap":{"0":{"loc":{"start":{"line":9,"column":4},"end":{"line":12,"column":5}},"type":"if","locations":[{"start":{"line":9,"column":4},"end":{"line":12,"column":5}},{"start":{"line":9,"column":4},"end":{"line":12,"column":5}}],"line":9},"1":{"loc":{"start":{"line":14,"column":2},"end":{"line":48,"column":3}},"type":"if","locations":[{"start":{"line":14,"column":2},"end":{"line":48,"column":3}},{"start":{"line":14,"column":2},"end":{"line":48,"column":3}}],"line":14}},"s":{"0":2,"1":0,"2":0,"3":0,"4":0,"5":0,"6":0,"7":0,"8":0,"9":0,"10":0,"11":0,"12":0},"f":{"0":0},"b":{"0":[0,0],"1":[0,0]},"_coverageSchema":"1a1c01bbd47fc00a2c39e90264f33305004495a9","hash":"209159160dea82d38b0482849a76537815827a19"}
,"/Users/JonahC/HR/SEI/Senior/Charon-FE-Capstone/client/src/components/main_component/product_information/Rating.jsx": {"path":"/Users/JonahC/HR/SEI/Senior/Charon-FE-Capstone/client/src/components/main_component/product_information/Rating.jsx","statementMap":{"0":{"start":{"line":6,"column":4},"end":{"line":8,"column":7}},"1":{"start":{"line":12,"column":4},"end":{"line":20,"column":6}}},"fnMap":{"0":{"name":"(anonymous_0)","decl":{"start":{"line":5,"column":2},"end":{"line":5,"column":3}},"loc":{"start":{"line":5,"column":32},"end":{"line":9,"column":3}},"line":5},"1":{"name":"(anonymous_1)","decl":{"start":{"line":11,"column":2},"end":{"line":11,"column":3}},"loc":{"start":{"line":11,"column":11},"end":{"line":21,"column":3}},"line":11}},"branchMap":{},"s":{"0":0,"1":0},"f":{"0":0,"1":0},"b":{},"_coverageSchema":"1a1c01bbd47fc00a2c39e90264f33305004495a9","hash":"fbe142404402a05ce8252d37b2ef6b33bfa9d6dd"}
,"/Users/JonahC/HR/SEI/Senior/Charon-FE-Capstone/client/src/components/main_component/product_information/Stars.jsx": {"path":"/Users/JonahC/HR/SEI/Senior/Charon-FE-Capstone/client/src/components/main_component/product_information/Stars.jsx","statementMap":{"0":{"start":{"line":7,"column":4},"end":{"line":7,"column":17}},"1":{"start":{"line":11,"column":4},"end":{"line":17,"column":6}}},"fnMap":{"0":{"name":"(anonymous_0)","decl":{"start":{"line":6,"column":2},"end":{"line":6,"column":3}},"loc":{"start":{"line":6,"column":21},"end":{"line":8,"column":3}},"line":6},"1":{"name":"(anonymous_1)","decl":{"start":{"line":10,"column":2},"end":{"line":10,"column":3}},"loc":{"start":{"line":10,"column":11},"end":{"line":18,"column":3}},"line":10}},"branchMap":{},"s":{"0":1,"1":1},"f":{"0":1,"1":1},"b":{},"_coverageSchema":"1a1c01bbd47fc00a2c39e90264f33305004495a9","hash":"619052e3376f4f2be32ec6e563e4fcf857624060"}
,"/Users/JonahC/HR/SEI/Senior/Charon-FE-Capstone/client/src/components/main_component/style_selector/StyleSelector.jsx": {"path":"/Users/JonahC/HR/SEI/Senior/Charon-FE-Capstone/client/src/components/main_component/style_selector/StyleSelector.jsx","statementMap":{"0":{"start":{"line":6,"column":20},"end":{"line":65,"column":1}},"1":{"start":{"line":7,"column":2},"end":{"line":64,"column":3}},"2":{"start":{"line":8,"column":4},"end":{"line":57,"column":6}},"3":{"start":{"line":17,"column":30},"end":{"line":17,"column":49}},"4":{"start":{"line":27,"column":12},"end":{"line":53,"column":14}},"5":{"start":{"line":32,"column":32},"end":{"line":32,"column":65}},"6":{"start":{"line":59,"column":4},"end":{"line":63,"column":6}}},"fnMap":{"0":{"name":"(anonymous_0)","decl":{"start":{"line":6,"column":20},"end":{"line":6,"column":21}},"loc":{"start":{"line":6,"column":31},"end":{"line":65,"column":1}},"line":6},"1":{"name":"(anonymous_1)","decl":{"start":{"line":17,"column":23},"end":{"line":17,"column":24}},"loc":{"start":{"line":17,"column":30},"end":{"line":17,"column":49}},"line":17},"2":{"name":"(anonymous_2)","decl":{"start":{"line":26,"column":36},"end":{"line":26,"column":37}},"loc":{"start":{"line":26,"column":54},"end":{"line":54,"column":11}},"line":26},"3":{"name":"(anonymous_3)","decl":{"start":{"line":32,"column":25},"end":{"line":32,"column":26}},"loc":{"start":{"line":32,"column":32},"end":{"line":32,"column":65}},"line":32}},"branchMap":{"0":{"loc":{"start":{"line":7,"column":2},"end":{"line":64,"column":3}},"type":"if","locations":[{"start":{"line":7,"column":2},"end":{"line":64,"column":3}},{"start":{"line":7,"column":2},"end":{"line":64,"column":3}}],"line":7}},"s":{"0":2,"1":0,"2":0,"3":0,"4":0,"5":0,"6":0},"f":{"0":0,"1":0,"2":0,"3":0},"b":{"0":[0,0]},"_coverageSchema":"1a1c01bbd47fc00a2c39e90264f33305004495a9","hash":"2ae26fb1f1e874a66805f4b1accf4cfd78fe3e1b"}
}
